[debug] [2022-02-28T19:48:44.204Z] ----------------------------------------------------------------------
[debug] [2022-02-28T19:48:44.205Z] Command:       C:\Program Files\nodejs\node.exe C:\Users\kleyton\AppData\Roaming\npm\node_modules\firebase-tools\lib\bin\firebase.js init
[debug] [2022-02-28T19:48:44.207Z] CLI Version:   10.2.1
[debug] [2022-02-28T19:48:44.207Z] Platform:      win32
[debug] [2022-02-28T19:48:44.207Z] Node Version:  v16.14.0
[debug] [2022-02-28T19:48:44.208Z] Time:          Mon Feb 28 2022 16:48:44 GMT-0300 (Horário Padrão de Brasília)
[debug] [2022-02-28T19:48:44.208Z] ----------------------------------------------------------------------
[debug] 
[debug] [2022-02-28T19:48:44.216Z] > command requires scopes: ["email","openid","https://www.googleapis.com/auth/cloudplatformprojects.readonly","https://www.googleapis.com/auth/firebase","https://www.googleapis.com/auth/cloud-platform"]
[debug] [2022-02-28T19:48:44.216Z] > authorizing via signed-in user (akatsukipb12@gmail.com)
[info] 
     ######## #### ########  ######## ########     ###     ######  ########
     ##        ##  ##     ## ##       ##     ##  ##   ##  ##       ##
     ######    ##  ########  ######   ########  #########  ######  ######
     ##        ##  ##    ##  ##       ##     ## ##     ##       ## ##
     ##       #### ##     ## ######## ########  ##     ##  ######  ########

You're about to initialize a Firebase project in this directory:

  C:\Users\kleyton\Desktop\amazon-clone\amazon-clone

[info] 
=== Project Setup
[info] 
[info] First, let's associate this project directory with a Firebase project.
[info] You can create multiple project aliases by running firebase use --add, 
[info] but for now we'll just set up a default project.
[info] 
